<?xml version="1.0" encoding="UTF-8"?>
<testsuite name="rationals.TestRationals" tests="1" skipped="0" failures="0" errors="0" timestamp="2023-07-10T05:44:25" hostname="EPUSPRIW00A3" time="0.002">
  <properties/>
  <testcase name="test0Sample10Long" classname="rationals.TestRationals" time="0.002"/>
  <system-out><![CDATA[]]></system-out>
  <system-err><![CDATA[]]></system-err>
</testsuite>
